SF:lib\pages\contact_form.dart
DA:10,1
DA:14,0
DA:16,1
DA:17,1
DA:29,1
DA:31,1
DA:32,2
DA:33,0
DA:35,1
DA:39,0
DA:41,0
DA:42,0
DA:44,0
DA:45,0
DA:46,0
DA:48,0
DA:49,0
DA:55,1
DA:56,3
DA:58,3
DA:60,1
DA:61,3
DA:62,3
DA:63,4
DA:67,2
DA:69,3
DA:70,1
DA:71,3
DA:76,0
DA:77,0
DA:78,0
DA:83,1
DA:84,2
DA:86,1
DA:87,1
DA:88,1
DA:89,4
DA:94,1
DA:96,1
DA:100,1
DA:101,1
DA:102,1
DA:103,2
DA:106,1
DA:107,1
DA:109,1
DA:111,1
DA:112,1
DA:114,1
DA:116,1
DA:117,1
DA:118,1
DA:119,1
DA:120,1
DA:121,2
DA:132,1
DA:133,1
DA:139,1
DA:140,1
DA:145,1
DA:146,1
DA:153,1
DA:154,1
DA:155,1
DA:156,1
DA:163,1
DA:164,1
DA:172,2
DA:175,1
DA:176,1
DA:177,4
DA:178,1
DA:180,1
DA:181,1
DA:188,1
DA:190,1
DA:191,2
DA:192,1
DA:194,1
DA:195,1
DA:198,1
LF:81
LH:68
end_of_record
SF:lib\services\contact_service.dart
DA:4,0
DA:9,0
DA:12,0
DA:13,0
DA:14,0
DA:18,0
DA:19,0
DA:20,0
DA:21,0
DA:22,0
DA:23,0
DA:28,0
DA:29,0
DA:31,0
DA:34,0
DA:35,0
DA:39,0
DA:41,0
DA:43,0
DA:46,0
DA:47,0
DA:48,0
DA:49,0
DA:50,0
DA:52,0
DA:56,0
DA:57,0
LF:27
LH:0
end_of_record
SF:lib\widgets\app_drawer.dart
DA:4,1
DA:6,0
DA:8,0
DA:9,0
DA:10,0
DA:11,0
DA:14,0
DA:16,0
DA:20,0
DA:23,0
DA:24,0
DA:27,0
DA:30,0
DA:31,0
DA:34,0
DA:37,0
DA:38,0
DA:42,0
DA:45,0
DA:46,0
LF:20
LH:1
end_of_record
SF:lib\utils\format_phone.dart
DA:1,1
DA:3,2
DA:5,2
DA:8,6
DA:9,6
DA:13,0
DA:14,0
LF:7
LH:5
end_of_record
